Vercel CLI 50.7.1
Retrieving project…
Deploying hamdanprofessionals-projects/web-app
Uploading [--------------------] (0.0B/434.4KB)
Uploading [=====---------------] (124.5KB/434.4KB)
Uploading [==========----------] (220.5KB/434.4KB)
Uploading [===============-----] (332.5KB/434.4KB)
Uploading [====================] (434.4KB/434.4KB)
Inspect: https://vercel.com/hamdanprofessionals-projects/web-app/Byx1BrRimUDDMkCQEPRuDd6fynpU [4s]
Production: https://web-9m6y5xm81-hamdanprofessionals-projects.vercel.app [4s]
https://web-9m6y5xm81-hamdanprofessionals-projects.vercel.appBuilding...
Building...
Building: Running build in Washington, D.C., USA (East) – iad1
Building: Build machine configuration: 2 cores, 8 GB
Building: Retrieving list of deployment files...
Building: Downloading 52 deployment files...
Building: Restored build cache from previous deployment (BxSCXg4aEwWmyccFKFJVCTZ1KWKf)
Building: Running "vercel build"
Building: Vercel CLI 50.9.6
Building: Installing dependencies...
Building: up to date in 2s
Building: 177 packages are looking for funding
Building: run `npm fund` for details
Building: Detected Next.js version: 14.1.0
Building: Running "npm run build"
Building: > course-companion-fte-web@1.0.0 build
Building: > next build
Building: ▲ Next.js 14.1.0
Building: - Environments: .env.production
Building: Creating an optimized production build ...
Building: ✓ Compiled successfully
Building: Linting and checking validity of types ...
Building: Failed to compile.
Building: ./src/app/login/page.tsx
Building: 114:18  Error: `'` can be escaped with `&apos;`, `&lsquo;`, `&#39;`, `&rsquo;`.  react/no-unescaped-entities
Building: info  - Need to disable some ESLint rules? Learn more here: https://nextjs.org/docs/basic-features/eslint#disabling-rules
Building: Error: Command "npm run build" exited with 1
Error: Command "npm run build" exited with 1
